0 verbose cli /usr/local/bin/node /usr/local/bin/npm
1 info using npm@8.19.3
2 info using node@v18.13.0
3 timing npm:load:whichnode Completed in 0ms
4 timing config:load:defaults Completed in 1ms
5 timing config:load:file:/usr/local/lib/node_modules/npm/npmrc Completed in 0ms
6 timing config:load:builtin Completed in 0ms
7 timing config:load:cli Completed in 0ms
8 timing config:load:env Completed in 1ms
9 timing config:load:file:/.npmrc Completed in 0ms
10 timing config:load:project Completed in 0ms
11 timing config:load:file:/root/.npmrc Completed in 1ms
12 timing config:load:user Completed in 1ms
13 timing config:load:file:/usr/local/etc/npmrc Completed in 0ms
14 timing config:load:global Completed in 0ms
15 timing config:load:validate Completed in 0ms
16 timing config:load:credentials Completed in 0ms
17 timing config:load:setEnvs Completed in 1ms
18 timing config:load Completed in 5ms
19 timing npm:load:configload Completed in 5ms
20 timing npm:load:mkdirpcache Completed in 2ms
21 timing npm:load:mkdirplogs Completed in 0ms
22 verbose title npm i
23 verbose argv "i"
24 timing npm:load:setTitle Completed in 1ms
25 timing config:load:flatten Completed in 2ms
26 timing npm:load:display Completed in 3ms
27 verbose logfile logs-max:10 dir:/root/.npm/_logs
28 verbose logfile /root/.npm/_logs/2023-02-03T12_24_55_794Z-debug-0.log
29 timing npm:load:logFile Completed in 2ms
30 timing npm:load:timers Completed in 0ms
31 timing npm:load:configScope Completed in 0ms
32 timing npm:load Completed in 13ms
33 timing arborist:ctor Completed in 0ms
34 silly logfile done cleaning log files
35 timing arborist:ctor Completed in 0ms
36 timing idealTree:init Completed in 5ms
37 timing idealTree:userRequests Completed in 1ms
38 silly idealTree buildDeps
39 timing idealTree Completed in 6ms
40 timing command:i Completed in 42ms
41 verbose stack Error: Tracker "idealTree" already exists
41 verbose stack     at [_onError] (/usr/local/lib/node_modules/npm/node_modules/@npmcli/arborist/lib/tracker.js:100:11)
41 verbose stack     at Arborist.addTracker (/usr/local/lib/node_modules/npm/node_modules/@npmcli/arborist/lib/tracker.js:27:21)
41 verbose stack     at [buildDeps] (/usr/local/lib/node_modules/npm/node_modules/@npmcli/arborist/lib/arborist/build-ideal-tree.js:777:10)
41 verbose stack     at Arborist.buildIdealTree (/usr/local/lib/node_modules/npm/node_modules/@npmcli/arborist/lib/arborist/build-ideal-tree.js:211:29)
41 verbose stack     at async Promise.all (index 1)
41 verbose stack     at async Arborist.reify (/usr/local/lib/node_modules/npm/node_modules/@npmcli/arborist/lib/arborist/reify.js:154:5)
41 verbose stack     at async Install.exec (/usr/local/lib/node_modules/npm/lib/commands/install.js:145:5)
41 verbose stack     at async module.exports (/usr/local/lib/node_modules/npm/lib/cli.js:78:5)
42 verbose cwd /
43 verbose Linux 5.15.85
44 verbose node v18.13.0
45 verbose npm  v8.19.3
46 error Tracker "idealTree" already exists
47 verbose exit 1
48 timing npm Completed in 112ms
49 verbose unfinished npm timer reify 1675427095864
50 verbose unfinished npm timer reify:loadTrees 1675427095898
51 verbose unfinished npm timer idealTree:buildDeps 1675427095904
52 verbose code 1
53 error A complete log of this run can be found in:
53 error     /root/.npm/_logs/2023-02-03T12_24_55_794Z-debug-0.log
